<?xml version="1.0" encoding="UTF-8"?>
<!-- Generated by org.testng.reporters.JUnitReportReporter -->
<testsuite hostname="topPower" name="vivino.tests.MobileDemoTest" tests="1" failures="0" timestamp="21 Aug 2015 10:55:12 GMT" time="100.125" errors="0">
  <testcase name="checkNearbyPlaces" time="100.125" classname="vivino.tests.MobileDemoTest"/>
</testsuite> <!-- vivino.tests.MobileDemoTest -->
