<?xml version="1.0" encoding="UTF-8"?>
<!-- Generated by org.testng.reporters.JUnitReportReporter -->
<testsuite hostname="topPower" name="vivino.tests.MobileDemoTest" tests="5" failures="0" timestamp="21 Aug 2015 11:04:32 GMT" time="340.397" errors="0">
  <testcase name="checkNearbyPlaces" time="58.267" classname="vivino.tests.MobileDemoTest"/>
  <testcase name="logIn" time="81.887" classname="vivino.tests.MobileDemoTest"/>
  <testcase name="followUser" time="100.613" classname="vivino.tests.MobileDemoTest"/>
  <testcase name="recognizeVine" time="55.775" classname="vivino.tests.MobileDemoTest"/>
  <testcase name="accountRegistration" time="43.855" classname="vivino.tests.MobileDemoTest"/>
</testsuite> <!-- vivino.tests.MobileDemoTest -->
